tags/release_2_1-26/hxcpunkapp/proguard_logs/seeds.txt
es.concertsapp.android.gui.player.SongPlayerBR
es.concertsapp.android.gui.player.SongPlayerBR: SongPlayerBR()
es.concertsapp.android.gui.settings.SettingsActivity
es.concertsapp.android.gui.settings.SettingsActivity: SettingsActivity()
es.concertsapp.android.utils.MyApplication
es.concertsapp.android.utils.MyApplication: MyApplication()
es.concertsapp.android.utils.font.FontUtils$FontType: es.concertsapp.android.utils.font.FontUtils$FontType[] values()
es.concertsapp.android.utils.font.FontUtils$FontType: es.concertsapp.android.utils.font.FontUtils$FontType valueOf(java.lang.String)
es.concertsapp.android.utils.images.ImageDownloader$Mode: es.concertsapp.android.utils.images.ImageDownloader$Mode[] values()
es.concertsapp.android.utils.images.ImageDownloader$Mode: es.concertsapp.android.utils.images.ImageDownloader$Mode valueOf(java.lang.String)
es.lastfm.api.utils.LastFmImageSizeCalc$LastFmImageSizeEnum: es.lastfm.api.utils.LastFmImageSizeCalc$LastFmImageSizeEnum[] values()
es.lastfm.api.utils.LastFmImageSizeCalc$LastFmImageSizeEnum: es.lastfm.api.utils.LastFmImageSizeCalc$LastFmImageSizeEnum valueOf(java.lang.String)
it.sephiroth.android.library.imagezoom.ImageViewTouch
it.sephiroth.android.library.imagezoom.ImageViewTouch: ImageViewTouch(android.content.Context)
it.sephiroth.android.library.imagezoom.ImageViewTouch: ImageViewTouch(android.content.Context,android.util.AttributeSet)
it.sephiroth.android.library.imagezoom.ImageViewTouch: ImageViewTouch(android.content.Context,android.util.AttributeSet,int)
it.sephiroth.android.library.imagezoom.ImageViewTouch: void setDoubleTapListener(it.sephiroth.android.library.imagezoom.ImageViewTouch$OnImageViewTouchDoubleTapListener)
it.sephiroth.android.library.imagezoom.ImageViewTouch: void setSingleTapListener(it.sephiroth.android.library.imagezoom.ImageViewTouch$OnImageViewTouchSingleTapListener)
it.sephiroth.android.library.imagezoom.ImageViewTouch: void setDoubleTapEnabled(boolean)
it.sephiroth.android.library.imagezoom.ImageViewTouch: void setScaleEnabled(boolean)
it.sephiroth.android.library.imagezoom.ImageViewTouch: void setScrollEnabled(boolean)
it.sephiroth.android.library.imagezoom.ImageViewTouch: boolean getDoubleTapEnabled()
it.sephiroth.android.library.imagezoom.ImageViewTouch: android.view.GestureDetector$OnGestureListener getGestureListener()
it.sephiroth.android.library.imagezoom.ImageViewTouch: android.view.ScaleGestureDetector$OnScaleGestureListener getScaleListener()
it.sephiroth.android.library.imagezoom.ImageViewTouchBase: ImageViewTouchBase(android.content.Context)
it.sephiroth.android.library.imagezoom.ImageViewTouchBase: ImageViewTouchBase(android.content.Context,android.util.AttributeSet)
it.sephiroth.android.library.imagezoom.ImageViewTouchBase: ImageViewTouchBase(android.content.Context,android.util.AttributeSet,int)
it.sephiroth.android.library.imagezoom.ImageViewTouchBase: void setOnDrawableChangedListener(it.sephiroth.android.library.imagezoom.ImageViewTouchBase$OnDrawableChangeListener)
it.sephiroth.android.library.imagezoom.ImageViewTouchBase: void setOnLayoutChangeListener(it.sephiroth.android.library.imagezoom.ImageViewTouchBase$OnLayoutChangeListener)
it.sephiroth.android.library.imagezoom.ImageViewTouchBase: void setScaleType(android.widget.ImageView$ScaleType)
it.sephiroth.android.library.imagezoom.ImageViewTouchBase: void setDisplayType(it.sephiroth.android.library.imagezoom.ImageViewTouchBase$DisplayType)
it.sephiroth.android.library.imagezoom.ImageViewTouchBase: it.sephiroth.android.library.imagezoom.ImageViewTouchBase$DisplayType getDisplayType()
it.sephiroth.android.library.imagezoom.ImageViewTouchBase: void setMinScale(float)
it.sephiroth.android.library.imagezoom.ImageViewTouchBase: void setMaxScale(float)
it.sephiroth.android.library.imagezoom.ImageViewTouchBase: void setImageResource(int)
it.sephiroth.android.library.imagezoom.ImageViewTouchBase: void setImageBitmap(android.graphics.Bitmap)