tags/release_2_1-26/hxcpunkapp/proguard_logs/usage.txt
de.umass.lastfm.ResponseBuilder:
    43:44:private ResponseBuilder()
    89:89:public static de.umass.lastfm.PaginatedResult buildPaginatedResult(de.umass.xml.DomElement,de.umass.xml.DomElement,java.lang.Class)
de.umass.lastfm.Result:
    88:88:public int getErrorCode()
    92:92:public int getHttpErrorCode()
    96:96:public de.umass.lastfm.Result$Status getStatus()
    100:100:public org.w3c.dom.Document getResultDocument()
    104:104:public java.lang.String getErrorMessage()
de.umass.lastfm.Session:
    46:47:private Session()
    58:58:public static de.umass.lastfm.Session createSession(java.lang.String,java.lang.String,java.lang.String)
    73:79:public static de.umass.lastfm.Session createSession(java.lang.String,java.lang.String,java.lang.String,java.lang.String,boolean)
    87:87:public java.lang.String getApiKey()
    95:95:public boolean isSubscriber()
    99:99:public java.lang.String getUsername()
    114:119:static de.umass.lastfm.Session sessionFromElement(de.umass.xml.DomElement,java.lang.String,java.lang.String)
de.umass.lastfm.Shout:
    53:53:public java.lang.String getBody()
    57:57:public java.lang.String getAuthor()
    61:61:public java.util.Date getDate()
de.umass.lastfm.Tag:
    77:77:public int getTaggings()
    85:85:public java.lang.String getUrl()
    89:89:public boolean isStreamable()
    93:93:public int getReach()
    97:97:public java.util.Date getWikiLastChanged()
    101:101:public java.lang.String getWikiSummary()
    105:105:public java.lang.String getWikiText()
    115:119:public static long getTagCountSum(java.util.Collection)
    132:140:public static java.util.List filter(java.util.Collection,double)
    151:152:public static java.util.Collection getSimilar(java.lang.String,java.lang.String)
    156:157:public static java.util.Collection getTopTags(java.lang.String)
    161:162:public static java.util.Collection getTopAlbums(java.lang.String,java.lang.String)
    166:167:public static java.util.Collection getTopTracks(java.lang.String,java.lang.String)
    171:172:public static java.util.Collection getTopArtists(java.lang.String,java.lang.String)
    176:176:public static java.util.Collection search(java.lang.String,java.lang.String)
    180:186:public static java.util.Collection search(java.lang.String,int,java.lang.String)
    190:190:public static de.umass.lastfm.Chart getWeeklyArtistChart(java.lang.String,java.lang.String)
    194:194:public static de.umass.lastfm.Chart getWeeklyArtistChart(java.lang.String,int,java.lang.String)
    198:198:public static de.umass.lastfm.Chart getWeeklyArtistChart(java.lang.String,java.lang.String,java.lang.String,int,java.lang.String)
de.umass.lastfm.Tasteometer
de.umass.lastfm.Tasteometer$ComparisonResult
de.umass.lastfm.Tasteometer$InputType